Performing C SOURCE FILE Test CMAKE_HAVE_LIBC_PTHREAD failed with the following output:
Change Dir: /home/kpilavov/CLionProjects/TestTask_OM_T3_Junior_Embedded_3d_task/client/build/CMakeFiles/CMakeScratch/TryCompile-hUynYz

Run Build Command(s):/usr/bin/make -f Makefile cmTC_d7631/fast && /usr/bin/make  -f CMakeFiles/cmTC_d7631.dir/build.make CMakeFiles/cmTC_d7631.dir/build
make[1]: Entering directory '/home/kpilavov/CLionProjects/TestTask_OM_T3_Junior_Embedded_3d_task/client/build/CMakeFiles/CMakeScratch/TryCompile-hUynYz'
Building C object CMakeFiles/cmTC_d7631.dir/src.c.o
/usr/bin/cc -DCMAKE_HAVE_LIBC_PTHREAD   -o CMakeFiles/cmTC_d7631.dir/src.c.o -c /home/kpilavov/CLionProjects/TestTask_OM_T3_Junior_Embedded_3d_task/client/build/CMakeFiles/CMakeScratch/TryCompile-hUynYz/src.c
Linking C executable cmTC_d7631
/home/kpilavov/bin/cmake -E cmake_link_script CMakeFiles/cmTC_d7631.dir/link.txt --verbose=1
/usr/bin/cc CMakeFiles/cmTC_d7631.dir/src.c.o -o cmTC_d7631 
/usr/bin/ld: CMakeFiles/cmTC_d7631.dir/src.c.o: in function `main':
src.c:(.text+0x46): undefined reference to `pthread_create'
/usr/bin/ld: src.c:(.text+0x52): undefined reference to `pthread_detach'
/usr/bin/ld: src.c:(.text+0x5e): undefined reference to `pthread_cancel'
/usr/bin/ld: src.c:(.text+0x6f): undefined reference to `pthread_join'
collect2: error: ld returned 1 exit status
make[1]: *** [CMakeFiles/cmTC_d7631.dir/build.make:99: cmTC_d7631] Error 1
make[1]: Leaving directory '/home/kpilavov/CLionProjects/TestTask_OM_T3_Junior_Embedded_3d_task/client/build/CMakeFiles/CMakeScratch/TryCompile-hUynYz'
make: *** [Makefile:127: cmTC_d7631/fast] Error 2


Source file was:
#include <pthread.h>

static void* test_func(void* data)
{
  return data;
}

int main(void)
{
  pthread_t thread;
  pthread_create(&thread, NULL, test_func, NULL);
  pthread_detach(thread);
  pthread_cancel(thread);
  pthread_join(thread, NULL);
  pthread_atfork(NULL, NULL, NULL);
  pthread_exit(NULL);

  return 0;
}


Determining if the function pthread_create exists in the pthreads failed with the following output:
Change Dir: /home/kpilavov/CLionProjects/TestTask_OM_T3_Junior_Embedded_3d_task/client/build/CMakeFiles/CMakeScratch/TryCompile-s6B5lA

Run Build Command(s):/usr/bin/make -f Makefile cmTC_d8c7f/fast && /usr/bin/make  -f CMakeFiles/cmTC_d8c7f.dir/build.make CMakeFiles/cmTC_d8c7f.dir/build
make[1]: Entering directory '/home/kpilavov/CLionProjects/TestTask_OM_T3_Junior_Embedded_3d_task/client/build/CMakeFiles/CMakeScratch/TryCompile-s6B5lA'
Building C object CMakeFiles/cmTC_d8c7f.dir/CheckFunctionExists.c.o
/usr/bin/cc   -DCHECK_FUNCTION_EXISTS=pthread_create -o CMakeFiles/cmTC_d8c7f.dir/CheckFunctionExists.c.o -c /home/kpilavov/CLionProjects/TestTask_OM_T3_Junior_Embedded_3d_task/client/build/CMakeFiles/CMakeScratch/TryCompile-s6B5lA/CheckFunctionExists.c
Linking C executable cmTC_d8c7f
/home/kpilavov/bin/cmake -E cmake_link_script CMakeFiles/cmTC_d8c7f.dir/link.txt --verbose=1
/usr/bin/cc  -DCHECK_FUNCTION_EXISTS=pthread_create CMakeFiles/cmTC_d8c7f.dir/CheckFunctionExists.c.o -o cmTC_d8c7f  -lpthreads 
/usr/bin/ld: cannot find -lpthreads
collect2: error: ld returned 1 exit status
make[1]: *** [CMakeFiles/cmTC_d8c7f.dir/build.make:99: cmTC_d8c7f] Error 1
make[1]: Leaving directory '/home/kpilavov/CLionProjects/TestTask_OM_T3_Junior_Embedded_3d_task/client/build/CMakeFiles/CMakeScratch/TryCompile-s6B5lA'
make: *** [Makefile:127: cmTC_d8c7f/fast] Error 2



